2013/09/24 22:31:16 [error] [exception.CHttpException.404] exception 'CHttpException' with message 'Unable to resolve the request "site".' in /var/www/yiitest/framework/web/CWebApplication.php:286
Stack trace:
#0 /var/www/yiitest/framework/web/CWebApplication.php(141): CWebApplication->runController('')
#1 /var/www/yiitest/framework/base/CApplication.php(180): CWebApplication->processRequest()
#2 /var/www/yiitest/admin.php(13): CApplication->run()
#3 {main}
REQUEST_URI=/yiitest/admin.php
---
2013/09/24 22:38:08 [error] [exception.CHttpException.404] exception 'CHttpException' with message 'Unable to resolve the request "site".' in /var/www/yiitest/framework/web/CWebApplication.php:286
Stack trace:
#0 /var/www/yiitest/framework/web/CWebApplication.php(141): CWebApplication->runController('')
#1 /var/www/yiitest/framework/base/CApplication.php(180): CWebApplication->processRequest()
#2 /var/www/yiitest/admin.php(13): CApplication->run()
#3 {main}
REQUEST_URI=/yiitest/admin.php
---
2013/09/24 22:38:26 [error] [exception.CHttpException.404] exception 'CHttpException' with message 'Unable to resolve the request "site".' in /var/www/yiitest/framework/web/CWebApplication.php:286
Stack trace:
#0 /var/www/yiitest/framework/web/CWebApplication.php(141): CWebApplication->runController('')
#1 /var/www/yiitest/framework/base/CApplication.php(180): CWebApplication->processRequest()
#2 /var/www/yiitest/admin.php(13): CApplication->run()
#3 {main}
REQUEST_URI=/yiitest/admin.php
---
2013/09/24 22:38:29 [error] [exception.CHttpException.404] exception 'CHttpException' with message 'Unable to resolve the request "site".' in /var/www/yiitest/framework/web/CWebApplication.php:286
Stack trace:
#0 /var/www/yiitest/framework/web/CWebApplication.php(141): CWebApplication->runController('')
#1 /var/www/yiitest/framework/base/CApplication.php(180): CWebApplication->processRequest()
#2 /var/www/yiitest/admin.php(13): CApplication->run()
#3 {main}
REQUEST_URI=/yiitest/admin.php
---
2013/09/24 22:38:31 [error] [exception.CHttpException.404] exception 'CHttpException' with message 'Unable to resolve the request "site".' in /var/www/yiitest/framework/web/CWebApplication.php:286
Stack trace:
#0 /var/www/yiitest/framework/web/CWebApplication.php(141): CWebApplication->runController('')
#1 /var/www/yiitest/framework/base/CApplication.php(180): CWebApplication->processRequest()
#2 /var/www/yiitest/admin.php(13): CApplication->run()
#3 {main}
REQUEST_URI=/yiitest/admin.php
---
2013/09/24 22:38:52 [error] [exception.CHttpException.404] exception 'CHttpException' with message 'Unable to resolve the request "site".' in /var/www/yiitest/framework/web/CWebApplication.php:286
Stack trace:
#0 /var/www/yiitest/framework/web/CWebApplication.php(141): CWebApplication->runController('')
#1 /var/www/yiitest/framework/base/CApplication.php(180): CWebApplication->processRequest()
#2 /var/www/yiitest/admin.php(13): CApplication->run()
#3 {main}
REQUEST_URI=/yiitest/admin.php
---
2013/09/24 22:38:53 [error] [exception.CHttpException.404] exception 'CHttpException' with message 'Unable to resolve the request "site".' in /var/www/yiitest/framework/web/CWebApplication.php:286
Stack trace:
#0 /var/www/yiitest/framework/web/CWebApplication.php(141): CWebApplication->runController('')
#1 /var/www/yiitest/framework/base/CApplication.php(180): CWebApplication->processRequest()
#2 /var/www/yiitest/admin.php(13): CApplication->run()
#3 {main}
REQUEST_URI=/yiitest/admin.php
---
2013/09/24 22:39:49 [error] [exception.CHttpException.404] exception 'CHttpException' with message 'Unable to resolve the request "site".' in /var/www/yiitest/framework/web/CWebApplication.php:286
Stack trace:
#0 /var/www/yiitest/framework/web/CWebApplication.php(141): CWebApplication->runController('')
#1 /var/www/yiitest/framework/base/CApplication.php(180): CWebApplication->processRequest()
#2 /var/www/yiitest/admin.php(13): CApplication->run()
#3 {main}
REQUEST_URI=/yiitest/admin.php
---
2013/09/24 22:39:50 [error] [exception.CHttpException.404] exception 'CHttpException' with message 'Unable to resolve the request "site".' in /var/www/yiitest/framework/web/CWebApplication.php:286
Stack trace:
#0 /var/www/yiitest/framework/web/CWebApplication.php(141): CWebApplication->runController('')
#1 /var/www/yiitest/framework/base/CApplication.php(180): CWebApplication->processRequest()
#2 /var/www/yiitest/admin.php(13): CApplication->run()
#3 {main}
REQUEST_URI=/yiitest/admin.php
---
2013/09/24 22:58:21 [error] [exception.CHttpException.404] exception 'CHttpException' with message 'Unable to resolve the request "site".' in /var/www/yiitest/framework/web/CWebApplication.php:286
Stack trace:
#0 /var/www/yiitest/framework/web/CWebApplication.php(141): CWebApplication->runController('')
#1 /var/www/yiitest/framework/base/CApplication.php(180): CWebApplication->processRequest()
#2 /var/www/yiitest/admin.php(13): CApplication->run()
#3 {main}
REQUEST_URI=/yiitest/admin.php
---
